app/build/intermediates/manifest_merge_blame_file/debug/processDebugMainManifest/manifest-merger-blame-debug-report.txt
1<?xml version="1.0" encoding="utf-8"?>
2<manifest xmlns:android="http://schemas.android.com/apk/res/android"
3    package="com.locked.app.trial"
4    android:versionCode="1"
5    android:versionName="1.0" >
6
7    <uses-sdk
8        android:minSdkVersion="26"
9        android:targetSdkVersion="35" />
10
11    <!-- Required to detect the foreground app via AccessibilityService -->
12    <uses-permission android:name="android.permission.PACKAGE_USAGE_STATS" />
12-->src\main\AndroidManifest.xml:6:5-7:47
12-->src\main\AndroidManifest.xml:6:22-75
13
14    <!-- Draw the block screen instantly above other apps -->
15    <uses-permission android:name="android.permission.SYSTEM_ALERT_WINDOW" />
15-->src\main\AndroidManifest.xml:10:5-78
15-->src\main\AndroidManifest.xml:10:22-75
16
17    <!-- Keep protection running reliably -->
18    <uses-permission android:name="android.permission.FOREGROUND_SERVICE" />
18-->src\main\AndroidManifest.xml:13:5-77
18-->src\main\AndroidManifest.xml:13:22-74
19    <uses-permission android:name="android.permission.FOREGROUND_SERVICE_SPECIAL_USE" />
19-->src\main\AndroidManifest.xml:14:5-89
19-->src\main\AndroidManifest.xml:14:22-86
20    <uses-permission android:name="android.permission.RECEIVE_BOOT_COMPLETED" />
20-->src\main\AndroidManifest.xml:15:5-81
20-->src\main\AndroidManifest.xml:15:22-78
21
22    <!-- Motivational + morning-session notifications -->
23    <uses-permission android:name="android.permission.POST_NOTIFICATIONS" />
23-->src\main\AndroidManifest.xml:18:5-77
23-->src\main\AndroidManifest.xml:18:22-74
24
25    <!-- Keep the CPU alive for the exact-20-second hold timer -->
26    <uses-permission android:name="android.permission.WAKE_LOCK" />
26-->src\main\AndroidManifest.xml:21:5-68
26-->src\main\AndroidManifest.xml:21:22-65
27    <uses-permission android:name="android.permission.ACCESS_NETWORK_STATE" />
27-->[androidx.work:work-runtime:2.10.0] AndroidManifest.xml:24:5-79
27-->[androidx.work:work-runtime:2.10.0] AndroidManifest.xml:24:22-76
28
29    <permission
29-->[androidx.core:core:1.15.0] AndroidManifest.xml:22:5-24:47
30        android:name="com.locked.app.trial.DYNAMIC_RECEIVER_NOT_EXPORTED_PERMISSION"
30-->[androidx.core:core:1.15.0] AndroidManifest.xml:23:9-81
31        android:protectionLevel="signature" />
31-->[androidx.core:core:1.15.0] AndroidManifest.xml:24:9-44
32
33    <uses-permission android:name="com.locked.app.trial.DYNAMIC_RECEIVER_NOT_EXPORTED_PERMISSION" />
33-->[androidx.core:core:1.15.0] AndroidManifest.xml:26:5-97
33-->[androidx.core:core:1.15.0] AndroidManifest.xml:26:22-94
34
35    <application
35-->src\main\AndroidManifest.xml:23:5-103:19
36        android:name="com.locked.app.LockedApplication"
36-->src\main\AndroidManifest.xml:24:9-42
37        android:allowBackup="false"
37-->src\main\AndroidManifest.xml:25:9-36
38        android:appComponentFactory="androidx.core.app.CoreComponentFactory"
38-->[androidx.core:core:1.15.0] AndroidManifest.xml:28:18-86
39        android:dataExtractionRules="@xml/data_extraction_rules"
39-->src\main\AndroidManifest.xml:26:9-65
40        android:debuggable="true"
41        android:extractNativeLibs="false"
42        android:fullBackupContent="@xml/backup_rules"
42-->src\main\AndroidManifest.xml:27:9-54
43        android:icon="@drawable/icon"
43-->src\main\AndroidManifest.xml:28:9-38
44        android:label="@string/app_name"
44-->src\main\AndroidManifest.xml:30:9-41
45        android:roundIcon="@drawable/icon"
45-->src\main\AndroidManifest.xml:29:9-43
46        android:supportsRtl="true"
46-->src\main\AndroidManifest.xml:32:9-35
47        android:theme="@style/Theme.Locked" >
47-->src\main\AndroidManifest.xml:31:9-44
48        <activity
48-->src\main\AndroidManifest.xml:34:9-43:20
49            android:name="com.locked.app.ui.home.MainActivity"
49-->src\main\AndroidManifest.xml:35:13-49
50            android:exported="true"
50-->src\main\AndroidManifest.xml:36:13-36
51            android:launchMode="singleTask"
51-->src\main\AndroidManifest.xml:38:13-44
52            android:theme="@style/Theme.Locked" >
52-->src\main\AndroidManifest.xml:37:13-48
53            <intent-filter>
53-->src\main\AndroidManifest.xml:39:13-42:29
54                <action android:name="android.intent.action.MAIN" />
54-->src\main\AndroidManifest.xml:40:17-69
54-->src\main\AndroidManifest.xml:40:25-66
55
56                <category android:name="android.intent.category.LAUNCHER" />
56-->src\main\AndroidManifest.xml:41:17-77
56-->src\main\AndroidManifest.xml:41:27-74
57            </intent-filter>
58        </activity>
59
60        <!--
61             Full-screen blocking flow, launched by the AccessibilityService
62             the instant a protected app is detected in the foreground.
63        -->
64        <activity
64-->src\main\AndroidManifest.xml:47:9-55:77
65            android:name="com.locked.app.ui.block.BlockActivity"
65-->src\main\AndroidManifest.xml:48:13-51
66            android:configChanges="orientation|screenSize|keyboardHidden"
66-->src\main\AndroidManifest.xml:55:13-74
67            android:excludeFromRecents="true"
67-->src\main\AndroidManifest.xml:52:13-46
68            android:exported="false"
68-->src\main\AndroidManifest.xml:49:13-37
69            android:launchMode="singleTask"
69-->src\main\AndroidManifest.xml:51:13-44
70            android:showWhenLocked="true"
70-->src\main\AndroidManifest.xml:53:13-42
71            android:theme="@style/Theme.Locked.Block"
71-->src\main\AndroidManifest.xml:50:13-54
72            android:turnScreenOn="true" />
72-->src\main\AndroidManifest.xml:54:13-40
73
74        <!--
75             Morning self-hypnosis session, launched once per day on the
76             first ACTION_USER_PRESENT after the configured morning window.
77        -->
78        <activity
78-->src\main\AndroidManifest.xml:59:9-66:43
79            android:name="com.locked.app.ui.morning.MorningActivity"
79-->src\main\AndroidManifest.xml:60:13-55
80            android:excludeFromRecents="true"
80-->src\main\AndroidManifest.xml:64:13-46
81            android:exported="false"
81-->src\main\AndroidManifest.xml:61:13-37
82            android:launchMode="singleTask"
82-->src\main\AndroidManifest.xml:63:13-44
83            android:showWhenLocked="true"
83-->src\main\AndroidManifest.xml:65:13-42
84            android:theme="@style/Theme.Locked.Block"
84-->src\main\AndroidManifest.xml:62:13-54
85            android:turnScreenOn="true" />
85-->src\main\AndroidManifest.xml:66:13-40
86        <activity
86-->src\main\AndroidManifest.xml:68:9-71:51
87            android:name="com.locked.app.ui.settings.SettingsActivity"
87-->src\main\AndroidManifest.xml:69:13-57
88            android:exported="false"
88-->src\main\AndroidManifest.xml:70:13-37
89            android:theme="@style/Theme.Locked" />
89-->src\main\AndroidManifest.xml:71:13-48
90
91        <service
91-->src\main\AndroidManifest.xml:73:9-84:19
92            android:name="com.locked.app.service.ProtectionAccessibilityService"
92-->src\main\AndroidManifest.xml:74:13-67
93            android:exported="true"
93-->src\main\AndroidManifest.xml:75:13-36
94            android:label="@string/app_name"
94-->src\main\AndroidManifest.xml:77:13-45
95            android:permission="android.permission.BIND_ACCESSIBILITY_SERVICE" >
95-->src\main\AndroidManifest.xml:76:13-79
96            <intent-filter>
96-->src\main\AndroidManifest.xml:78:13-80:29
97                <action android:name="android.accessibilityservice.AccessibilityService" />
97-->src\main\AndroidManifest.xml:79:17-92
97-->src\main\AndroidManifest.xml:79:25-89
98            </intent-filter>
99
100            <meta-data
100-->src\main\AndroidManifest.xml:81:13-83:72
101                android:name="android.accessibilityservice"
101-->src\main\AndroidManifest.xml:82:17-60
102                android:resource="@xml/accessibility_service_config" />
102-->src\main\AndroidManifest.xml:83:17-69
103        </service>
104        <service
104-->src\main\AndroidManifest.xml:86:9-93:19
105            android:name="com.locked.app.service.ProtectionForegroundService"
105-->src\main\AndroidManifest.xml:87:13-64
106            android:exported="false"
106-->src\main\AndroidManifest.xml:88:13-37
107            android:foregroundServiceType="specialUse" >
107-->src\main\AndroidManifest.xml:89:13-55
108            <property
108-->src\main\AndroidManifest.xml:90:13-92:88
109                android:name="android.app.PROPERTY_SPECIAL_USE_FGS_SUBTYPE"
109-->src\main\AndroidManifest.xml:91:17-76
110                android:value="Keeps personal distraction-blocking protection alive" />
110-->src\main\AndroidManifest.xml:92:17-85
111        </service>
112
113        <receiver
113-->src\main\AndroidManifest.xml:95:9-101:20
114            android:name="com.locked.app.service.BootReceiver"
114-->src\main\AndroidManifest.xml:96:13-49
115            android:exported="false" >
115-->src\main\AndroidManifest.xml:97:13-37
116            <intent-filter>
116-->src\main\AndroidManifest.xml:98:13-100:29
117                <action android:name="android.intent.action.BOOT_COMPLETED" />
117-->src\main\AndroidManifest.xml:99:17-79
117-->src\main\AndroidManifest.xml:99:25-76
118            </intent-filter>
119        </receiver>
120
121        <provider
121-->[androidx.work:work-runtime:2.10.0] AndroidManifest.xml:29:9-37:20
122            android:name="androidx.startup.InitializationProvider"
122-->[androidx.work:work-runtime:2.10.0] AndroidManifest.xml:30:13-67
123            android:authorities="com.locked.app.trial.androidx-startup"
123-->[androidx.work:work-runtime:2.10.0] AndroidManifest.xml:31:13-68
124            android:exported="false" >
124-->[androidx.work:work-runtime:2.10.0] AndroidManifest.xml:32:13-37
125            <meta-data
125-->[androidx.work:work-runtime:2.10.0] AndroidManifest.xml:34:13-36:52
126                android:name="androidx.work.WorkManagerInitializer"
126-->[androidx.work:work-runtime:2.10.0] AndroidManifest.xml:35:17-68
127                android:value="androidx.startup" />
127-->[androidx.work:work-runtime:2.10.0] AndroidManifest.xml:36:17-49
128            <meta-data
128-->[androidx.emoji2:emoji2:1.3.0] AndroidManifest.xml:29:13-31:52
129                android:name="androidx.emoji2.text.EmojiCompatInitializer"
129-->[androidx.emoji2:emoji2:1.3.0] AndroidManifest.xml:30:17-75
130                android:value="androidx.startup" />
130-->[androidx.emoji2:emoji2:1.3.0] AndroidManifest.xml:31:17-49
131            <meta-data
131-->[androidx.lifecycle:lifecycle-process:2.8.7] AndroidManifest.xml:29:13-31:52
132                android:name="androidx.lifecycle.ProcessLifecycleInitializer"
132-->[androidx.lifecycle:lifecycle-process:2.8.7] AndroidManifest.xml:30:17-78
133                android:value="androidx.startup" />
133-->[androidx.lifecycle:lifecycle-process:2.8.7] AndroidManifest.xml:31:17-49
134            <meta-data
134-->[androidx.profileinstaller:profileinstaller:1.3.1] AndroidManifest.xml:29:13-31:52
135                android:name="androidx.profileinstaller.ProfileInstallerInitializer"
135-->[androidx.profileinstaller:profileinstaller:1.3.1] AndroidManifest.xml:30:17-85
136                android:value="androidx.startup" />
136-->[androidx.profileinstaller:profileinstaller:1.3.1] AndroidManifest.xml:31:17-49
137        </provider>
138
139        <service
139-->[androidx.work:work-runtime:2.10.0] AndroidManifest.xml:39:9-45:35
140            android:name="androidx.work.impl.background.systemalarm.SystemAlarmService"
140-->[androidx.work:work-runtime:2.10.0] AndroidManifest.xml:40:13-88
141            android:directBootAware="false"
141-->[androidx.work:work-runtime:2.10.0] AndroidManifest.xml:41:13-44
142            android:enabled="@bool/enable_system_alarm_service_default"
142-->[androidx.work:work-runtime:2.10.0] AndroidManifest.xml:42:13-72
143            android:exported="false" />
143-->[androidx.work:work-runtime:2.10.0] AndroidManifest.xml:43:13-37
144        <service
144-->[androidx.work:work-runtime:2.10.0] AndroidManifest.xml:46:9-52:35
145            android:name="androidx.work.impl.background.systemjob.SystemJobService"
145-->[androidx.work:work-runtime:2.10.0] AndroidManifest.xml:47:13-84
146            android:directBootAware="false"
146-->[androidx.work:work-runtime:2.10.0] AndroidManifest.xml:48:13-44
147            android:enabled="@bool/enable_system_job_service_default"
147-->[androidx.work:work-runtime:2.10.0] AndroidManifest.xml:49:13-70
148            android:exported="true"
148-->[androidx.work:work-runtime:2.10.0] AndroidManifest.xml:50:13-36
149            android:permission="android.permission.BIND_JOB_SERVICE" />
149-->[androidx.work:work-runtime:2.10.0] AndroidManifest.xml:51:13-69
150        <service
150-->[androidx.work:work-runtime:2.10.0] AndroidManifest.xml:53:9-59:35
151            android:name="androidx.work.impl.foreground.SystemForegroundService"
151-->[androidx.work:work-runtime:2.10.0] AndroidManifest.xml:54:13-81
152            android:directBootAware="false"
152-->[androidx.work:work-runtime:2.10.0] AndroidManifest.xml:55:13-44
153            android:enabled="@bool/enable_system_foreground_service_default"
153-->[androidx.work:work-runtime:2.10.0] AndroidManifest.xml:56:13-77
154            android:exported="false" />
154-->[androidx.work:work-runtime:2.10.0] AndroidManifest.xml:57:13-37
155
156        <receiver
156-->[androidx.work:work-runtime:2.10.0] AndroidManifest.xml:61:9-66:35
157            android:name="androidx.work.impl.utils.ForceStopRunnable$BroadcastReceiver"
157-->[androidx.work:work-runtime:2.10.0] AndroidManifest.xml:62:13-88
158            android:directBootAware="false"
158-->[androidx.work:work-runtime:2.10.0] AndroidManifest.xml:63:13-44
159            android:enabled="true"
159-->[androidx.work:work-runtime:2.10.0] AndroidManifest.xml:64:13-35
160            android:exported="false" />
160-->[androidx.work:work-runtime:2.10.0] AndroidManifest.xml:65:13-37
161        <receiver
161-->[androidx.work:work-runtime:2.10.0] AndroidManifest.xml:67:9-77:20
162            android:name="androidx.work.impl.background.systemalarm.ConstraintProxy$BatteryChargingProxy"
162-->[androidx.work:work-runtime:2.10.0] AndroidManifest.xml:68:13-106
163            android:directBootAware="false"
163-->[androidx.work:work-runtime:2.10.0] AndroidManifest.xml:69:13-44
164            android:enabled="false"
164-->[androidx.work:work-runtime:2.10.0] AndroidManifest.xml:70:13-36
165            android:exported="false" >
165-->[androidx.work:work-runtime:2.10.0] AndroidManifest.xml:71:13-37
166            <intent-filter>
166-->[androidx.work:work-runtime:2.10.0] AndroidManifest.xml:73:13-76:29
167                <action android:name="android.intent.action.ACTION_POWER_CONNECTED" />
167-->[androidx.work:work-runtime:2.10.0] AndroidManifest.xml:74:17-87
167-->[androidx.work:work-runtime:2.10.0] AndroidManifest.xml:74:25-84
168                <action android:name="android.intent.action.ACTION_POWER_DISCONNECTED" />
168-->[androidx.work:work-runtime:2.10.0] AndroidManifest.xml:75:17-90
168-->[androidx.work:work-runtime:2.10.0] AndroidManifest.xml:75:25-87
169            </intent-filter>
170        </receiver>
171        <receiver
171-->[androidx.work:work-runtime:2.10.0] AndroidManifest.xml:78:9-88:20
172            android:name="androidx.work.impl.background.systemalarm.ConstraintProxy$BatteryNotLowProxy"
172-->[androidx.work:work-runtime:2.10.0] AndroidManifest.xml:79:13-104
173            android:directBootAware="false"
173-->[androidx.work:work-runtime:2.10.0] AndroidManifest.xml:80:13-44
174            android:enabled="false"
174-->[androidx.work:work-runtime:2.10.0] AndroidManifest.xml:81:13-36
175            android:exported="false" >
175-->[androidx.work:work-runtime:2.10.0] AndroidManifest.xml:82:13-37
176            <intent-filter>
176-->[androidx.work:work-runtime:2.10.0] AndroidManifest.xml:84:13-87:29
177                <action android:name="android.intent.action.BATTERY_OKAY" />
177-->[androidx.work:work-runtime:2.10.0] AndroidManifest.xml:85:17-77
177-->[androidx.work:work-runtime:2.10.0] AndroidManifest.xml:85:25-74
178                <action android:name="android.intent.action.BATTERY_LOW" />
178-->[androidx.work:work-runtime:2.10.0] AndroidManifest.xml:86:17-76
178-->[androidx.work:work-runtime:2.10.0] AndroidManifest.xml:86:25-73
179            </intent-filter>
180        </receiver>
181        <receiver
181-->[androidx.work:work-runtime:2.10.0] AndroidManifest.xml:89:9-99:20
182            android:name="androidx.work.impl.background.systemalarm.ConstraintProxy$StorageNotLowProxy"
182-->[androidx.work:work-runtime:2.10.0] AndroidManifest.xml:90:13-104
183            android:directBootAware="false"
183-->[androidx.work:work-runtime:2.10.0] AndroidManifest.xml:91:13-44
184            android:enabled="false"
184-->[androidx.work:work-runtime:2.10.0] AndroidManifest.xml:92:13-36
185            android:exported="false" >
185-->[androidx.work:work-runtime:2.10.0] AndroidManifest.xml:93:13-37
186            <intent-filter>
186-->[androidx.work:work-runtime:2.10.0] AndroidManifest.xml:95:13-98:29
187                <action android:name="android.intent.action.DEVICE_STORAGE_LOW" />
187-->[androidx.work:work-runtime:2.10.0] AndroidManifest.xml:96:17-83
187-->[androidx.work:work-runtime:2.10.0] AndroidManifest.xml:96:25-80
188                <action android:name="android.intent.action.DEVICE_STORAGE_OK" />
188-->[androidx.work:work-runtime:2.10.0] AndroidManifest.xml:97:17-82
188-->[androidx.work:work-runtime:2.10.0] AndroidManifest.xml:97:25-79
189            </intent-filter>
190        </receiver>
191        <receiver
191-->[androidx.work:work-runtime:2.10.0] AndroidManifest.xml:100:9-109:20
192            android:name="androidx.work.impl.background.systemalarm.ConstraintProxy$NetworkStateProxy"
192-->[androidx.work:work-runtime:2.10.0] AndroidManifest.xml:101:13-103
193            android:directBootAware="false"
193-->[androidx.work:work-runtime:2.10.0] AndroidManifest.xml:102:13-44
194            android:enabled="false"
194-->[androidx.work:work-runtime:2.10.0] AndroidManifest.xml:103:13-36
195            android:exported="false" >
195-->[androidx.work:work-runtime:2.10.0] AndroidManifest.xml:104:13-37
196            <intent-filter>
196-->[androidx.work:work-runtime:2.10.0] AndroidManifest.xml:106:13-108:29
197                <action android:name="android.net.conn.CONNECTIVITY_CHANGE" />
197-->[androidx.work:work-runtime:2.10.0] AndroidManifest.xml:107:17-79
197-->[androidx.work:work-runtime:2.10.0] AndroidManifest.xml:107:25-76
198            </intent-filter>
199        </receiver>
200        <receiver
200-->[androidx.work:work-runtime:2.10.0] AndroidManifest.xml:110:9-121:20
201            android:name="androidx.work.impl.background.systemalarm.RescheduleReceiver"
201-->[androidx.work:work-runtime:2.10.0] AndroidManifest.xml:111:13-88
202            android:directBootAware="false"
202-->[androidx.work:work-runtime:2.10.0] AndroidManifest.xml:112:13-44
203            android:enabled="false"
203-->[androidx.work:work-runtime:2.10.0] AndroidManifest.xml:113:13-36
204            android:exported="false" >
204-->[androidx.work:work-runtime:2.10.0] AndroidManifest.xml:114:13-37
205            <intent-filter>
205-->[androidx.work:work-runtime:2.10.0] AndroidManifest.xml:116:13-120:29
206                <action android:name="android.intent.action.BOOT_COMPLETED" />
206-->src\main\AndroidManifest.xml:99:17-79
206-->src\main\AndroidManifest.xml:99:25-76
207                <action android:name="android.intent.action.TIME_SET" />
207-->[androidx.work:work-runtime:2.10.0] AndroidManifest.xml:118:17-73
207-->[androidx.work:work-runtime:2.10.0] AndroidManifest.xml:118:25-70
208                <action android:name="android.intent.action.TIMEZONE_CHANGED" />
208-->[androidx.work:work-runtime:2.10.0] AndroidManifest.xml:119:17-81
208-->[androidx.work:work-runtime:2.10.0] AndroidManifest.xml:119:25-78
209            </intent-filter>
210        </receiver>
211        <receiver
211-->[androidx.work:work-runtime:2.10.0] AndroidManifest.xml:122:9-131:20
212            android:name="androidx.work.impl.background.systemalarm.ConstraintProxyUpdateReceiver"
212-->[androidx.work:work-runtime:2.10.0] AndroidManifest.xml:123:13-99
213            android:directBootAware="false"
213-->[androidx.work:work-runtime:2.10.0] AndroidManifest.xml:124:13-44
214            android:enabled="@bool/enable_system_alarm_service_default"
214-->[androidx.work:work-runtime:2.10.0] AndroidManifest.xml:125:13-72
215            android:exported="false" >
215-->[androidx.work:work-runtime:2.10.0] AndroidManifest.xml:126:13-37
216            <intent-filter>
216-->[androidx.work:work-runtime:2.10.0] AndroidManifest.xml:128:13-130:29
217                <action android:name="androidx.work.impl.background.systemalarm.UpdateProxies" />
217-->[androidx.work:work-runtime:2.10.0] AndroidManifest.xml:129:17-98
217-->[androidx.work:work-runtime:2.10.0] AndroidManifest.xml:129:25-95
218            </intent-filter>
219        </receiver>
220        <receiver
220-->[androidx.work:work-runtime:2.10.0] AndroidManifest.xml:132:9-142:20
221            android:name="androidx.work.impl.diagnostics.DiagnosticsReceiver"
221-->[androidx.work:work-runtime:2.10.0] AndroidManifest.xml:133:13-78
222            android:directBootAware="false"
222-->[androidx.work:work-runtime:2.10.0] AndroidManifest.xml:134:13-44
223            android:enabled="true"
223-->[androidx.work:work-runtime:2.10.0] AndroidManifest.xml:135:13-35
224            android:exported="true"
224-->[androidx.work:work-runtime:2.10.0] AndroidManifest.xml:136:13-36
225            android:permission="android.permission.DUMP" >
225-->[androidx.work:work-runtime:2.10.0] AndroidManifest.xml:137:13-57
226            <intent-filter>
226-->[androidx.work:work-runtime:2.10.0] AndroidManifest.xml:139:13-141:29
227                <action android:name="androidx.work.diagnostics.REQUEST_DIAGNOSTICS" />
227-->[androidx.work:work-runtime:2.10.0] AndroidManifest.xml:140:17-88
227-->[androidx.work:work-runtime:2.10.0] AndroidManifest.xml:140:25-85
228            </intent-filter>
229        </receiver>
230
231        <activity
231-->[androidx.compose.ui:ui-tooling-android:1.7.6] AndroidManifest.xml:23:9-25:39
232            android:name="androidx.compose.ui.tooling.PreviewActivity"
232-->[androidx.compose.ui:ui-tooling-android:1.7.6] AndroidManifest.xml:24:13-71
233            android:exported="true" />
233-->[androidx.compose.ui:ui-tooling-android:1.7.6] AndroidManifest.xml:25:13-36
234
235        <service
235-->[androidx.room:room-runtime:2.6.1] AndroidManifest.xml:24:9-28:63
236            android:name="androidx.room.MultiInstanceInvalidationService"
236-->[androidx.room:room-runtime:2.6.1] AndroidManifest.xml:25:13-74
237            android:directBootAware="true"
237-->[androidx.room:room-runtime:2.6.1] AndroidManifest.xml:26:13-43
238            android:exported="false" />
238-->[androidx.room:room-runtime:2.6.1] AndroidManifest.xml:27:13-37
239
240        <receiver
240-->[androidx.profileinstaller:profileinstaller:1.3.1] AndroidManifest.xml:34:9-52:20
241            android:name="androidx.profileinstaller.ProfileInstallReceiver"
241-->[androidx.profileinstaller:profileinstaller:1.3.1] AndroidManifest.xml:35:13-76
242            android:directBootAware="false"
242-->[androidx.profileinstaller:profileinstaller:1.3.1] AndroidManifest.xml:36:13-44
243            android:enabled="true"
243-->[androidx.profileinstaller:profileinstaller:1.3.1] AndroidManifest.xml:37:13-35
244            android:exported="true"
244-->[androidx.profileinstaller:profileinstaller:1.3.1] AndroidManifest.xml:38:13-36
245            android:permission="android.permission.DUMP" >
245-->[androidx.profileinstaller:profileinstaller:1.3.1] AndroidManifest.xml:39:13-57
246            <intent-filter>
246-->[androidx.profileinstaller:profileinstaller:1.3.1] AndroidManifest.xml:40:13-42:29
247                <action android:name="androidx.profileinstaller.action.INSTALL_PROFILE" />
247-->[androidx.profileinstaller:profileinstaller:1.3.1] AndroidManifest.xml:41:17-91
247-->[androidx.profileinstaller:profileinstaller:1.3.1] AndroidManifest.xml:41:25-88
248            </intent-filter>
249            <intent-filter>
249-->[androidx.profileinstaller:profileinstaller:1.3.1] AndroidManifest.xml:43:13-45:29
250                <action android:name="androidx.profileinstaller.action.SKIP_FILE" />
250-->[androidx.profileinstaller:profileinstaller:1.3.1] AndroidManifest.xml:44:17-85
250-->[androidx.profileinstaller:profileinstaller:1.3.1] AndroidManifest.xml:44:25-82
251            </intent-filter>
252            <intent-filter>
252-->[androidx.profileinstaller:profileinstaller:1.3.1] AndroidManifest.xml:46:13-48:29
253                <action android:name="androidx.profileinstaller.action.SAVE_PROFILE" />
253-->[androidx.profileinstaller:profileinstaller:1.3.1] AndroidManifest.xml:47:17-88
253-->[androidx.profileinstaller:profileinstaller:1.3.1] AndroidManifest.xml:47:25-85
254            </intent-filter>
255            <intent-filter>
255-->[androidx.profileinstaller:profileinstaller:1.3.1] AndroidManifest.xml:49:13-51:29
256                <action android:name="androidx.profileinstaller.action.BENCHMARK_OPERATION" />
256-->[androidx.profileinstaller:profileinstaller:1.3.1] AndroidManifest.xml:50:17-95
256-->[androidx.profileinstaller:profileinstaller:1.3.1] AndroidManifest.xml:50:25-92
257            </intent-filter>
258        </receiver>
259    </application>
260
261</manifest>